[2024-04-24T08:44:28.085+0000] {taskinstance.py:1979} INFO - Dependencies all met for dep_context=non-requeueable deps ti=<TaskInstance: use_case_dag.task_2 manual__2024-04-24T08:39:01.399932+00:00 [queued]>
[2024-04-24T08:44:28.094+0000] {taskinstance.py:1979} INFO - Dependencies all met for dep_context=requeueable deps ti=<TaskInstance: use_case_dag.task_2 manual__2024-04-24T08:39:01.399932+00:00 [queued]>
[2024-04-24T08:44:28.094+0000] {taskinstance.py:2193} INFO - Starting attempt 1 of 6
[2024-04-24T08:44:28.106+0000] {taskinstance.py:2217} INFO - Executing <Task(_PythonDecoratedOperator): task_2> on 2024-04-24 08:39:01.399932+00:00
[2024-04-24T08:44:28.112+0000] {standard_task_runner.py:60} INFO - Started process 1369 to run task
[2024-04-24T08:44:28.116+0000] {standard_task_runner.py:87} INFO - Running: ['***', 'tasks', 'run', 'use_case_dag', 'task_2', 'manual__2024-04-24T08:39:01.399932+00:00', '--job-id', '9', '--raw', '--subdir', 'DAGS_FOLDER/use_case_dag.py', '--cfg-path', '/tmp/tmpfqsbjhms']
[2024-04-24T08:44:28.119+0000] {standard_task_runner.py:88} INFO - Job 9: Subtask task_2
[2024-04-24T08:44:28.165+0000] {task_command.py:423} INFO - Running <TaskInstance: use_case_dag.task_2 manual__2024-04-24T08:39:01.399932+00:00 [running]> on host 426889f50441
[2024-04-24T08:44:28.234+0000] {taskinstance.py:2513} INFO - Exporting env vars: AIRFLOW_CTX_DAG_OWNER='matteo' AIRFLOW_CTX_DAG_ID='use_case_dag' AIRFLOW_CTX_TASK_ID='task_2' AIRFLOW_CTX_EXECUTION_DATE='2024-04-24T08:39:01.399932+00:00' AIRFLOW_CTX_TRY_NUMBER='1' AIRFLOW_CTX_DAG_RUN_ID='manual__2024-04-24T08:39:01.399932+00:00'
[2024-04-24T08:44:37.020+0000] {taskinstance.py:2731} ERROR - Task failed with exception
Traceback (most recent call last):
  File "/home/airflow/.local/lib/python3.8/site-packages/airflow/models/taskinstance.py", line 444, in _execute_task
    result = _execute_callable(context=context, **execute_callable_kwargs)
  File "/home/airflow/.local/lib/python3.8/site-packages/airflow/models/taskinstance.py", line 414, in _execute_callable
    return execute_callable(context=context, **execute_callable_kwargs)
  File "/home/airflow/.local/lib/python3.8/site-packages/airflow/decorators/base.py", line 241, in execute
    return_value = super().execute(context)
  File "/home/airflow/.local/lib/python3.8/site-packages/airflow/operators/python.py", line 200, in execute
    return_value = self.execute_callable()
  File "/home/airflow/.local/lib/python3.8/site-packages/airflow/operators/python.py", line 217, in execute_callable
    return self.python_callable(*self.op_args, **self.op_kwargs)
  File "/opt/airflow/dags/use_case_dag.py", line 43, in task_2
    utils.join_data(transformed_owid_covid_data, country_wise_covid, joined_data)
  File "/opt/airflow/dags/utils.py", line 66, in join_data
    joined_df.write.parquet('data/joined_data')
  File "/home/airflow/.local/lib/python3.8/site-packages/pyspark/sql/readwriter.py", line 1721, in parquet
    self._jwrite.parquet(path)
  File "/home/airflow/.local/lib/python3.8/site-packages/py4j/java_gateway.py", line 1322, in __call__
    return_value = get_return_value(
  File "/home/airflow/.local/lib/python3.8/site-packages/pyspark/errors/exceptions/captured.py", line 185, in deco
    raise converted from None
pyspark.errors.exceptions.captured.AnalysisException: [PATH_ALREADY_EXISTS] Path file:/opt/airflow/data/joined_data already exists. Set mode as "overwrite" to overwrite the existing path.
[2024-04-24T08:44:37.038+0000] {taskinstance.py:1149} INFO - Marking task as UP_FOR_RETRY. dag_id=use_case_dag, task_id=task_2, execution_date=20240424T083901, start_date=20240424T084428, end_date=20240424T084437
[2024-04-24T08:44:37.051+0000] {standard_task_runner.py:107} ERROR - Failed to execute job 9 for task task_2 ([PATH_ALREADY_EXISTS] Path file:/opt/airflow/data/joined_data already exists. Set mode as "overwrite" to overwrite the existing path.; 1369)
[2024-04-24T08:44:37.071+0000] {local_task_job_runner.py:234} INFO - Task exited with return code 1
[2024-04-24T08:44:37.093+0000] {taskinstance.py:3312} INFO - 0 downstream tasks scheduled from follow-on schedule check
